2025-08-22T15:24:59.481+05:30  INFO 31316 --- [QUIZ-SERVICE] [restartedMain] [                                                 ] c.w.rk.quizapp.QuizsServiceApplication   : Starting QuizsServiceApplication using Java 21.0.8 with PID 31316 (C:\Users\Manoj\Documents\Wipro Files\MicroServices1\Quiz-Microservices\Quizs-Service\target\classes started by Manoj in C:\Users\Manoj\Documents\Wipro Files\MicroServices1\Quiz-Microservices\Quizs-Service)
2025-08-22T15:24:59.488+05:30  INFO 31316 --- [QUIZ-SERVICE] [restartedMain] [                                                 ] c.w.rk.quizapp.QuizsServiceApplication   : No active profile set, falling back to 1 default profile: "default"
2025-08-22T15:24:59.525+05:30  INFO 31316 --- [QUIZ-SERVICE] [restartedMain] [                                                 ] o.s.c.c.c.ConfigServerConfigDataLoader   : Fetching config from server at : http://localhost:9092
2025-08-22T15:24:59.527+05:30  INFO 31316 --- [QUIZ-SERVICE] [restartedMain] [                                                 ] o.s.c.c.c.ConfigServerConfigDataLoader   : Located environment: name=QUIZ-SERVICE, profiles=[default], label=null, version=c349d2a45bbea91757c8f539a2e70beba93a1e81, state=
2025-08-22T15:24:59.528+05:30  INFO 31316 --- [QUIZ-SERVICE] [restartedMain] [                                                 ] .e.DevToolsPropertyDefaultsPostProcessor : Devtools property defaults active! Set 'spring.devtools.add-properties' to 'false' to disable
2025-08-22T15:24:59.528+05:30  INFO 31316 --- [QUIZ-SERVICE] [restartedMain] [                                                 ] .e.DevToolsPropertyDefaultsPostProcessor : For additional web related logging consider setting the 'logging.level.web' property to 'DEBUG'
2025-08-22T15:25:00.488+05:30  INFO 31316 --- [QUIZ-SERVICE] [restartedMain] [                                                 ] .s.d.r.c.RepositoryConfigurationDelegate : Bootstrapping Spring Data JPA repositories in DEFAULT mode.
2025-08-22T15:25:00.589+05:30  INFO 31316 --- [QUIZ-SERVICE] [restartedMain] [                                                 ] .s.d.r.c.RepositoryConfigurationDelegate : Finished Spring Data repository scanning in 94 ms. Found 1 JPA repository interface.
2025-08-22T15:25:00.861+05:30  INFO 31316 --- [QUIZ-SERVICE] [restartedMain] [                                                 ] o.s.cloud.context.scope.GenericScope     : BeanFactory id=0c9e3505-b319-3c2d-baf1-91edf5d7cb6f
2025-08-22T15:25:01.515+05:30  INFO 31316 --- [QUIZ-SERVICE] [restartedMain] [                                                 ] o.s.b.w.embedded.tomcat.TomcatWebServer  : Tomcat initialized with port 8085 (http)
2025-08-22T15:25:01.528+05:30  INFO 31316 --- [QUIZ-SERVICE] [restartedMain] [                                                 ] o.apache.catalina.core.StandardService   : Starting service [Tomcat]
2025-08-22T15:25:01.529+05:30  INFO 31316 --- [QUIZ-SERVICE] [restartedMain] [                                                 ] o.apache.catalina.core.StandardEngine    : Starting Servlet engine: [Apache Tomcat/10.1.43]
2025-08-22T15:25:01.574+05:30  INFO 31316 --- [QUIZ-SERVICE] [restartedMain] [                                                 ] o.a.c.c.C.[Tomcat].[localhost].[/]       : Initializing Spring embedded WebApplicationContext
2025-08-22T15:25:01.575+05:30  INFO 31316 --- [QUIZ-SERVICE] [restartedMain] [                                                 ] w.s.c.ServletWebServerApplicationContext : Root WebApplicationContext: initialization completed in 2046 ms
2025-08-22T15:25:02.249+05:30  INFO 31316 --- [QUIZ-SERVICE] [restartedMain] [                                                 ] o.hibernate.jpa.internal.util.LogHelper  : HHH000204: Processing PersistenceUnitInfo [name: default]
2025-08-22T15:25:02.287+05:30  INFO 31316 --- [QUIZ-SERVICE] [restartedMain] [                                                 ] org.hibernate.Version                    : HHH000412: Hibernate ORM core version 6.6.22.Final
2025-08-22T15:25:02.312+05:30  INFO 31316 --- [QUIZ-SERVICE] [restartedMain] [                                                 ] o.h.c.internal.RegionFactoryInitiator    : HHH000026: Second-level cache disabled
2025-08-22T15:25:02.515+05:30  INFO 31316 --- [QUIZ-SERVICE] [restartedMain] [                                                 ] o.s.o.j.p.SpringPersistenceUnitInfo      : No LoadTimeWeaver setup: ignoring JPA class transformer
2025-08-22T15:25:02.540+05:30  INFO 31316 --- [QUIZ-SERVICE] [restartedMain] [                                                 ] com.zaxxer.hikari.HikariDataSource       : HikariPool-1 - Starting...
2025-08-22T15:25:02.674+05:30  INFO 31316 --- [QUIZ-SERVICE] [restartedMain] [                                                 ] com.zaxxer.hikari.pool.HikariPool        : HikariPool-1 - Added connection com.mysql.cj.jdbc.ConnectionImpl@7f89acf7
2025-08-22T15:25:02.675+05:30  INFO 31316 --- [QUIZ-SERVICE] [restartedMain] [                                                 ] com.zaxxer.hikari.HikariDataSource       : HikariPool-1 - Start completed.
2025-08-22T15:25:02.712+05:30  WARN 31316 --- [QUIZ-SERVICE] [restartedMain] [                                                 ] org.hibernate.orm.deprecation            : HHH90000025: MySQLDialect does not need to be specified explicitly using 'hibernate.dialect' (remove the property setting and it will be selected by default)
2025-08-22T15:25:02.726+05:30  INFO 31316 --- [QUIZ-SERVICE] [restartedMain] [                                                 ] org.hibernate.orm.connections.pooling    : HHH10001005: Database info:
	Database JDBC URL [Connecting through datasource 'HikariDataSource (HikariPool-1)']
	Database driver: undefined/unknown
	Database version: 8.0.43
	Autocommit mode: undefined/unknown
	Isolation level: undefined/unknown
	Minimum pool size: undefined/unknown
	Maximum pool size: undefined/unknown
2025-08-22T15:25:03.390+05:30  INFO 31316 --- [QUIZ-SERVICE] [restartedMain] [                                                 ] o.h.e.t.j.p.i.JtaPlatformInitiator       : HHH000489: No JTA platform available (set 'hibernate.transaction.jta.platform' to enable JTA platform integration)
2025-08-22T15:25:03.458+05:30  INFO 31316 --- [QUIZ-SERVICE] [restartedMain] [                                                 ] j.LocalContainerEntityManagerFactoryBean : Initialized JPA EntityManagerFactory for persistence unit 'default'
2025-08-22T15:25:03.774+05:30  WARN 31316 --- [QUIZ-SERVICE] [restartedMain] [                                                 ] JpaBaseConfiguration$JpaWebConfiguration : spring.jpa.open-in-view is enabled by default. Therefore, database queries may be performed during view rendering. Explicitly configure spring.jpa.open-in-view to disable this warning
2025-08-22T15:25:03.882+05:30  WARN 31316 --- [QUIZ-SERVICE] [restartedMain] [                                                 ] o.s.b.d.a.OptionalLiveReloadServer       : Unable to start LiveReload server
2025-08-22T15:25:03.939+05:30  INFO 31316 --- [QUIZ-SERVICE] [restartedMain] [                                                 ] o.s.c.openfeign.FeignClientFactoryBean   : For 'QUESTION-SERVICE' URL not provided. Will try picking an instance via load-balancing.
2025-08-22T15:25:05.438+05:30  INFO 31316 --- [QUIZ-SERVICE] [restartedMain] [                                                 ] DiscoveryClientOptionalArgsConfiguration : Eureka HTTP Client uses RestTemplate.
2025-08-22T15:25:05.487+05:30  WARN 31316 --- [QUIZ-SERVICE] [restartedMain] [                                                 ] iguration$LoadBalancerCaffeineWarnLogger : Spring Cloud LoadBalancer is currently working with the default cache. While this cache implementation is useful for development and tests, it's recommended to use Caffeine cache in production.You can switch to using Caffeine cache, by adding it and org.springframework.cache.caffeine.CaffeineCacheManager to the classpath.
2025-08-22T15:25:05.509+05:30  INFO 31316 --- [QUIZ-SERVICE] [restartedMain] [                                                 ] o.s.b.a.e.web.EndpointLinksResolver      : Exposing 28 endpoints beneath base path '/actuator'
2025-08-22T15:25:05.620+05:30  INFO 31316 --- [QUIZ-SERVICE] [restartedMain] [                                                 ] o.s.c.n.eureka.InstanceInfoFactory       : Setting initial instance status as: STARTING
2025-08-22T15:25:05.643+05:30  INFO 31316 --- [QUIZ-SERVICE] [restartedMain] [                                                 ] com.netflix.discovery.DiscoveryClient    : Initializing Eureka in region us-east-1
2025-08-22T15:25:05.647+05:30  INFO 31316 --- [QUIZ-SERVICE] [restartedMain] [                                                 ] c.n.d.s.r.aws.ConfigClusterResolver      : Resolving eureka endpoints via configuration
2025-08-22T15:25:05.653+05:30  INFO 31316 --- [QUIZ-SERVICE] [restartedMain] [                                                 ] com.netflix.discovery.DiscoveryClient    : Disable delta property : false
2025-08-22T15:25:05.655+05:30  INFO 31316 --- [QUIZ-SERVICE] [restartedMain] [                                                 ] com.netflix.discovery.DiscoveryClient    : Single vip registry refresh property : null
2025-08-22T15:25:05.655+05:30  INFO 31316 --- [QUIZ-SERVICE] [restartedMain] [                                                 ] com.netflix.discovery.DiscoveryClient    : Force full registry fetch : false
2025-08-22T15:25:05.655+05:30  INFO 31316 --- [QUIZ-SERVICE] [restartedMain] [                                                 ] com.netflix.discovery.DiscoveryClient    : Application is null : false
2025-08-22T15:25:05.655+05:30  INFO 31316 --- [QUIZ-SERVICE] [restartedMain] [                                                 ] com.netflix.discovery.DiscoveryClient    : Registered Applications size is zero : true
2025-08-22T15:25:05.655+05:30  INFO 31316 --- [QUIZ-SERVICE] [restartedMain] [                                                 ] com.netflix.discovery.DiscoveryClient    : Application version is -1: true
2025-08-22T15:25:05.655+05:30  INFO 31316 --- [QUIZ-SERVICE] [restartedMain] [                                                 ] com.netflix.discovery.DiscoveryClient    : Getting all instance registry info from the eureka server
2025-08-22T15:25:05.846+05:30  INFO 31316 --- [QUIZ-SERVICE] [restartedMain] [                                                 ] com.netflix.discovery.DiscoveryClient    : The response status is 200
2025-08-22T15:25:05.847+05:30  INFO 31316 --- [QUIZ-SERVICE] [restartedMain] [                                                 ] com.netflix.discovery.DiscoveryClient    : Starting heartbeat executor: renew interval is: 30
2025-08-22T15:25:05.848+05:30  INFO 31316 --- [QUIZ-SERVICE] [restartedMain] [                                                 ] c.n.discovery.InstanceInfoReplicator     : InstanceInfoReplicator onDemand update allowed rate per min is 4
2025-08-22T15:25:05.849+05:30  INFO 31316 --- [QUIZ-SERVICE] [restartedMain] [                                                 ] com.netflix.discovery.DiscoveryClient    : Discovery Client initialized at timestamp 1755856505849 with initial instances count: 3
2025-08-22T15:25:05.859+05:30  INFO 31316 --- [QUIZ-SERVICE] [restartedMain] [                                                 ] o.s.c.n.e.s.EurekaServiceRegistry        : Registering application QUIZ-SERVICE with eureka with status UP
2025-08-22T15:25:05.860+05:30  INFO 31316 --- [QUIZ-SERVICE] [restartedMain] [                                                 ] com.netflix.discovery.DiscoveryClient    : Saw local status change event StatusChangeEvent [timestamp=1755856505860, current=UP, previous=STARTING]
2025-08-22T15:25:05.861+05:30  INFO 31316 --- [QUIZ-SERVICE] [DiscoveryClient-InstanceInfoReplicator-%d] [                                                 ] com.netflix.discovery.DiscoveryClient    : DiscoveryClient_QUIZ-SERVICE/ROG-Strix:QUIZ-SERVICE:8085: registering service...
2025-08-22T15:25:05.871+05:30  INFO 31316 --- [QUIZ-SERVICE] [restartedMain] [                                                 ] o.s.b.w.embedded.tomcat.TomcatWebServer  : Tomcat started on port 8085 (http) with context path '/'
2025-08-22T15:25:05.872+05:30  INFO 31316 --- [QUIZ-SERVICE] [restartedMain] [                                                 ] .s.c.n.e.s.EurekaAutoServiceRegistration : Updating port to 8085
2025-08-22T15:25:05.886+05:30  INFO 31316 --- [QUIZ-SERVICE] [restartedMain] [                                                 ] c.w.rk.quizapp.QuizsServiceApplication   : Started QuizsServiceApplication in 8.895 seconds (process running for 9.59)
2025-08-22T15:25:05.898+05:30  INFO 31316 --- [QUIZ-SERVICE] [DiscoveryClient-InstanceInfoReplicator-%d] [                                                 ] com.netflix.discovery.DiscoveryClient    : DiscoveryClient_QUIZ-SERVICE/ROG-Strix:QUIZ-SERVICE:8085 - registration status: 204
2025-08-22T15:25:06.297+05:30  INFO 31316 --- [QUIZ-SERVICE] [RMI TCP Connection(6)-127.0.0.1] [                                                 ] o.a.c.c.C.[Tomcat].[localhost].[/]       : Initializing Spring DispatcherServlet 'dispatcherServlet'
2025-08-22T15:25:06.297+05:30  INFO 31316 --- [QUIZ-SERVICE] [RMI TCP Connection(6)-127.0.0.1] [                                                 ] o.s.web.servlet.DispatcherServlet        : Initializing Servlet 'dispatcherServlet'
2025-08-22T15:25:06.300+05:30  INFO 31316 --- [QUIZ-SERVICE] [RMI TCP Connection(6)-127.0.0.1] [                                                 ] o.s.web.servlet.DispatcherServlet        : Completed initialization in 3 ms
2025-08-22T15:25:06.879+05:30  WARN 31316 --- [QUIZ-SERVICE] [AsyncReporter{ZipkinHttpClientSender{http://localhost:9411/api/v2/spans}}] [                                                 ] z.r.i.AsyncReporter$BoundedAsyncReporter : Spans were dropped due to exceptions. All subsequent errors will be logged at FINE level.
2025-08-22T15:25:06.879+05:30  WARN 31316 --- [QUIZ-SERVICE] [AsyncReporter{ZipkinHttpClientSender{http://localhost:9411/api/v2/spans}}] [                                                 ] z.r.i.AsyncReporter$BoundedAsyncReporter : Dropped 2 spans due to ConnectException()

java.net.ConnectException: null
	at java.net.http/jdk.internal.net.http.HttpClientImpl.send(HttpClientImpl.java:955) ~[java.net.http:na]
	at java.net.http/jdk.internal.net.http.HttpClientFacade.send(HttpClientFacade.java:133) ~[java.net.http:na]
	at org.springframework.boot.actuate.autoconfigure.tracing.zipkin.ZipkinHttpClientSender.postSpans(ZipkinHttpClientSender.java:60) ~[spring-boot-actuator-autoconfigure-3.5.4.jar:3.5.4]
	at org.springframework.boot.actuate.autoconfigure.tracing.zipkin.HttpSender.postSpans(HttpSender.java:69) ~[spring-boot-actuator-autoconfigure-3.5.4.jar:3.5.4]
	at org.springframework.boot.actuate.autoconfigure.tracing.zipkin.HttpSender.postSpans(HttpSender.java:41) ~[spring-boot-actuator-autoconfigure-3.5.4.jar:3.5.4]
	at zipkin2.reporter.BaseHttpSender.send(BaseHttpSender.java:123) ~[zipkin-reporter-3.5.1.jar:na]
	at zipkin2.reporter.internal.AsyncReporter$BoundedAsyncReporter.flush(AsyncReporter.java:266) ~[zipkin-reporter-3.5.1.jar:na]
	at zipkin2.reporter.internal.AsyncReporter$Flusher.run(AsyncReporter.java:352) ~[zipkin-reporter-3.5.1.jar:na]
	at java.base/java.lang.Thread.run(Thread.java:1583) ~[na:na]
Caused by: java.net.ConnectException: null
	at java.net.http/jdk.internal.net.http.common.Utils.toConnectException(Utils.java:1065) ~[java.net.http:na]
	at java.net.http/jdk.internal.net.http.PlainHttpConnection.connectAsync(PlainHttpConnection.java:227) ~[java.net.http:na]
	at java.net.http/jdk.internal.net.http.PlainHttpConnection.checkRetryConnect(PlainHttpConnection.java:280) ~[java.net.http:na]
	at java.net.http/jdk.internal.net.http.PlainHttpConnection.lambda$connectAsync$2(PlainHttpConnection.java:238) ~[java.net.http:na]
	at java.base/java.util.concurrent.CompletableFuture.uniHandle(CompletableFuture.java:934) ~[na:na]
	at java.base/java.util.concurrent.CompletableFuture$UniHandle.tryFire(CompletableFuture.java:911) ~[na:na]
	at java.base/java.util.concurrent.CompletableFuture.postComplete(CompletableFuture.java:510) ~[na:na]
	at java.base/java.util.concurrent.CompletableFuture$AsyncSupply.run(CompletableFuture.java:1773) ~[na:na]
	at java.base/java.util.concurrent.ThreadPoolExecutor.runWorker(ThreadPoolExecutor.java:1144) ~[na:na]
	at java.base/java.util.concurrent.ThreadPoolExecutor$Worker.run(ThreadPoolExecutor.java:642) ~[na:na]
	... 1 common frames omitted
Caused by: java.nio.channels.ClosedChannelException: null
	at java.base/sun.nio.ch.SocketChannelImpl.ensureOpen(SocketChannelImpl.java:202) ~[na:na]
	at java.base/sun.nio.ch.SocketChannelImpl.beginConnect(SocketChannelImpl.java:786) ~[na:na]
	at java.base/sun.nio.ch.SocketChannelImpl.connect(SocketChannelImpl.java:874) ~[na:na]
	at java.net.http/jdk.internal.net.http.PlainHttpConnection.lambda$connectAsync$1(PlainHttpConnection.java:210) ~[java.net.http:na]
	at java.base/java.security.AccessController.doPrivileged(AccessController.java:571) ~[na:na]
	at java.net.http/jdk.internal.net.http.PlainHttpConnection.connectAsync(PlainHttpConnection.java:212) ~[java.net.http:na]
	... 9 common frames omitted

2025-08-22T15:30:05.657+05:30  INFO 31316 --- [QUIZ-SERVICE] [AsyncResolver-bootstrap-executor-%d] [                                                 ] c.n.d.s.r.aws.ConfigClusterResolver      : Resolving eureka endpoints via configuration
2025-08-22T15:35:05.659+05:30  INFO 31316 --- [QUIZ-SERVICE] [AsyncResolver-bootstrap-executor-%d] [                                                 ] c.n.d.s.r.aws.ConfigClusterResolver      : Resolving eureka endpoints via configuration
2025-08-22T15:40:05.661+05:30  INFO 31316 --- [QUIZ-SERVICE] [AsyncResolver-bootstrap-executor-%d] [                                                 ] c.n.d.s.r.aws.ConfigClusterResolver      : Resolving eureka endpoints via configuration
2025-08-22T15:45:05.664+05:30  INFO 31316 --- [QUIZ-SERVICE] [AsyncResolver-bootstrap-executor-%d] [                                                 ] c.n.d.s.r.aws.ConfigClusterResolver      : Resolving eureka endpoints via configuration
2025-08-22T15:50:05.664+05:30  INFO 31316 --- [QUIZ-SERVICE] [AsyncResolver-bootstrap-executor-%d] [                                                 ] c.n.d.s.r.aws.ConfigClusterResolver      : Resolving eureka endpoints via configuration
2025-08-22T15:55:05.665+05:30  INFO 31316 --- [QUIZ-SERVICE] [AsyncResolver-bootstrap-executor-%d] [                                                 ] c.n.d.s.r.aws.ConfigClusterResolver      : Resolving eureka endpoints via configuration
2025-08-22T16:00:05.666+05:30  INFO 31316 --- [QUIZ-SERVICE] [AsyncResolver-bootstrap-executor-%d] [                                                 ] c.n.d.s.r.aws.ConfigClusterResolver      : Resolving eureka endpoints via configuration
2025-08-22T16:05:05.668+05:30  INFO 31316 --- [QUIZ-SERVICE] [AsyncResolver-bootstrap-executor-%d] [                                                 ] c.n.d.s.r.aws.ConfigClusterResolver      : Resolving eureka endpoints via configuration
2025-08-22T16:10:05.669+05:30  INFO 31316 --- [QUIZ-SERVICE] [AsyncResolver-bootstrap-executor-%d] [                                                 ] c.n.d.s.r.aws.ConfigClusterResolver      : Resolving eureka endpoints via configuration
2025-08-22T16:15:05.672+05:30  INFO 31316 --- [QUIZ-SERVICE] [AsyncResolver-bootstrap-executor-%d] [                                                 ] c.n.d.s.r.aws.ConfigClusterResolver      : Resolving eureka endpoints via configuration
2025-08-22T16:20:05.673+05:30  INFO 31316 --- [QUIZ-SERVICE] [AsyncResolver-bootstrap-executor-%d] [                                                 ] c.n.d.s.r.aws.ConfigClusterResolver      : Resolving eureka endpoints via configuration
2025-08-22T16:25:05.674+05:30  INFO 31316 --- [QUIZ-SERVICE] [AsyncResolver-bootstrap-executor-%d] [                                                 ] c.n.d.s.r.aws.ConfigClusterResolver      : Resolving eureka endpoints via configuration
2025-08-22T16:30:05.674+05:30  INFO 31316 --- [QUIZ-SERVICE] [AsyncResolver-bootstrap-executor-%d] [                                                 ] c.n.d.s.r.aws.ConfigClusterResolver      : Resolving eureka endpoints via configuration
2025-08-22T16:35:05.676+05:30  INFO 31316 --- [QUIZ-SERVICE] [AsyncResolver-bootstrap-executor-%d] [                                                 ] c.n.d.s.r.aws.ConfigClusterResolver      : Resolving eureka endpoints via configuration
2025-08-22T16:40:05.677+05:30  INFO 31316 --- [QUIZ-SERVICE] [AsyncResolver-bootstrap-executor-%d] [                                                 ] c.n.d.s.r.aws.ConfigClusterResolver      : Resolving eureka endpoints via configuration
2025-08-22T16:45:05.679+05:30  INFO 31316 --- [QUIZ-SERVICE] [AsyncResolver-bootstrap-executor-%d] [                                                 ] c.n.d.s.r.aws.ConfigClusterResolver      : Resolving eureka endpoints via configuration
2025-08-22T16:50:05.680+05:30  INFO 31316 --- [QUIZ-SERVICE] [AsyncResolver-bootstrap-executor-%d] [                                                 ] c.n.d.s.r.aws.ConfigClusterResolver      : Resolving eureka endpoints via configuration
2025-08-22T16:55:05.680+05:30  INFO 31316 --- [QUIZ-SERVICE] [AsyncResolver-bootstrap-executor-%d] [                                                 ] c.n.d.s.r.aws.ConfigClusterResolver      : Resolving eureka endpoints via configuration
2025-08-22T17:00:05.682+05:30  INFO 31316 --- [QUIZ-SERVICE] [AsyncResolver-bootstrap-executor-%d] [                                                 ] c.n.d.s.r.aws.ConfigClusterResolver      : Resolving eureka endpoints via configuration
2025-08-22T17:05:05.683+05:30  INFO 31316 --- [QUIZ-SERVICE] [AsyncResolver-bootstrap-executor-%d] [                                                 ] c.n.d.s.r.aws.ConfigClusterResolver      : Resolving eureka endpoints via configuration
2025-08-22T17:10:05.684+05:30  INFO 31316 --- [QUIZ-SERVICE] [AsyncResolver-bootstrap-executor-%d] [                                                 ] c.n.d.s.r.aws.ConfigClusterResolver      : Resolving eureka endpoints via configuration
2025-08-22T17:15:05.685+05:30  INFO 31316 --- [QUIZ-SERVICE] [AsyncResolver-bootstrap-executor-%d] [                                                 ] c.n.d.s.r.aws.ConfigClusterResolver      : Resolving eureka endpoints via configuration
2025-08-22T17:20:05.687+05:30  INFO 31316 --- [QUIZ-SERVICE] [AsyncResolver-bootstrap-executor-%d] [                                                 ] c.n.d.s.r.aws.ConfigClusterResolver      : Resolving eureka endpoints via configuration
2025-08-22T17:25:05.702+05:30  INFO 31316 --- [QUIZ-SERVICE] [AsyncResolver-bootstrap-executor-%d] [                                                 ] c.n.d.s.r.aws.ConfigClusterResolver      : Resolving eureka endpoints via configuration
2025-08-22T17:30:05.709+05:30  INFO 31316 --- [QUIZ-SERVICE] [AsyncResolver-bootstrap-executor-%d] [                                                 ] c.n.d.s.r.aws.ConfigClusterResolver      : Resolving eureka endpoints via configuration
2025-08-22T17:35:05.711+05:30  INFO 31316 --- [QUIZ-SERVICE] [AsyncResolver-bootstrap-executor-%d] [                                                 ] c.n.d.s.r.aws.ConfigClusterResolver      : Resolving eureka endpoints via configuration
2025-08-22T17:40:05.714+05:30  INFO 31316 --- [QUIZ-SERVICE] [AsyncResolver-bootstrap-executor-%d] [                                                 ] c.n.d.s.r.aws.ConfigClusterResolver      : Resolving eureka endpoints via configuration
2025-08-22T17:45:05.715+05:30  INFO 31316 --- [QUIZ-SERVICE] [AsyncResolver-bootstrap-executor-%d] [                                                 ] c.n.d.s.r.aws.ConfigClusterResolver      : Resolving eureka endpoints via configuration
